[debug] [2018-07-22T20:56:03.313Z] ----------------------------------------------------------------------
[debug] [2018-07-22T20:56:03.315Z] Command:       /Users/michael.beaseley/.nvm/versions/node/v8.11.3/bin/node /Users/michael.beaseley/.nvm/versions/node/v8.11.3/bin/firebase login:ci
[debug] [2018-07-22T20:56:03.315Z] CLI Version:   3.19.3
[debug] [2018-07-22T20:56:03.315Z] Platform:      darwin
[debug] [2018-07-22T20:56:03.315Z] Node Version:  v8.11.3
[debug] [2018-07-22T20:56:03.316Z] Time:          Sun Jul 22 2018 21:56:03 GMT+0100 (BST)
[debug] [2018-07-22T20:56:03.316Z] ----------------------------------------------------------------------
[debug] 
[info] 
[info] Visit this URL on any device to log in:
[info] https://accounts.google.com/o/oauth2/auth?client_id=563584335869-fgrhgmd47bqnekij5i8b5pr03ho849e6.apps.googleusercontent.com&scope=email%20openid%20https%3A%2F%2Fwww.googleapis.com%2Fauth%2Fcloudplatformprojects.readonly%20https%3A%2F%2Fwww.googleapis.com%2Fauth%2Ffirebase%20https%3A%2F%2Fwww.googleapis.com%2Fauth%2Fcloud-platform&response_type=code&state=483889540&redirect_uri=http%3A%2F%2Flocalhost%3A9005
[info] 
[info] Waiting for authentication...
[debug] [2018-07-22T20:56:13.822Z] >>> HTTP REQUEST POST https://accounts.google.com/o/oauth2/token  
 { code: '4/AAAgqjIqVC-xXrcl1wK7ond2s6d1MXvmC592uiTd7POWm5JewjgQBZkykl7Il46ggSeigrg1WjfM9beRMpfIcn8',
  client_id: '563584335869-fgrhgmd47bqnekij5i8b5pr03ho849e6.apps.googleusercontent.com',
  client_secret: 'j9iVZfS8kkCEFUPaAeJV0sAi',
  redirect_uri: 'http://localhost:9005',
  grant_type: 'authorization_code' } 
 Sun Jul 22 2018 21:56:13 GMT+0100 (BST)
[debug] [2018-07-22T20:56:13.967Z] Token Fetch Error: Error
    at new FirebaseError (/Users/michael.beaseley/.nvm/versions/node/v8.11.3/lib/node_modules/firebase-tools/lib/error.js:11:16)
    at Request._callback (/Users/michael.beaseley/.nvm/versions/node/v8.11.3/lib/node_modules/firebase-tools/lib/api.js:35:11)
    at self.callback (/Users/michael.beaseley/.nvm/versions/node/v8.11.3/lib/node_modules/firebase-tools/node_modules/request/request.js:185:22)
    at emitOne (events.js:116:13)
    at Request.emit (events.js:211:7)
    at Request.onRequestError (/Users/michael.beaseley/.nvm/versions/node/v8.11.3/lib/node_modules/firebase-tools/node_modules/request/request.js:877:8)
    at emitOne (events.js:116:13)
    at ClientRequest.emit (events.js:211:7)
    at TLSSocket.socketErrorListener (_http_client.js:387:9)
    at emitOne (events.js:116:13)
